[tusharm01.wixsite.com/gadgetjunction.html]
[static.parastorage.com/unpkg/core-js-bundle@3.2.1/minified.js]
[static.parastorage.com/unpkg/focus-within-polyfill@5.0.9/dist/focus-within-polyfill.js]
[backblue.gif]
[fade.gif]
[index.html]
[polyfill.io/v3/polyfill.mind82c.js]
[tusharm01.wixsite.com/index.html]
[tusharm01.wixsite.com/gadgetjunction/about.html]
[tusharm01.wixsite.com/gadgetjunction/contact.html]
[tusharm01.wixsite.com/gadgetjunction/help-center.html]
[tusharm01.wixsite.com/gadgetjunction/cart-page.html]
[tusharm01.wixsite.com/gadgetjunction/shop-all.html]
[tusharm01.wixsite.com/gadgetjunction/computers.html]
[tusharm01.wixsite.com/gadgetjunction/tablets.html]
[tusharm01.wixsite.com/gadgetjunction/headphones.html]
[tusharm01.wixsite.com/gadgetjunction/speakers-1.html]
[tusharm01.wixsite.com/gadgetjunction/mobile.html]
[tusharm01.wixsite.com/gadgetjunction/t-v-and-home-cinema.html]
[tusharm01.wixsite.com/gadgetjunction/wearable-tech.html]
[static.wixstatic.com/media/c837a6_f58829a26e594ca3aa72383e19cf39b9_mv2.png/v1/fill/w_50,h_28,al_c,q_85,usm_0.66_1.00_0.01,blur_2,enc_auto/c837a6_f58829a26e594ca3aa72383e19cf39b9_mv2.png]
[static.wixstatic.com/media/c22c23_e140bfa8cd6f4cb2ac5ee6e204f64073_mv2.jpg/v1/fill/w_118,h_61,al_c,q_80,usm_0.66_1.00_0.01,blur_2,enc_auto/c22c23_e140bfa8cd6f4cb2ac5ee6e204f64073_mv2.jpg]
[tusharm01.wixsite.com/gadgetjunction/sale.html]
[static.wixstatic.com/media/c837a6_d84a631864a442a496670bc2d787c6a0_mv2.jpg/v1/fill/w_118,h_61,al_c,q_80,usm_0.66_1.00_0.01,blur_2,enc_auto/c837a6_d84a631864a442a496670bc2d787c6a0_mv2.jpg]
[static.wixstatic.com/media/c22c23_75059a72af5e4949aecdfbda8746f4ef_mv2.jpg/v1/fill/w_147,h_147,al_c,q_80,usm_0.66_1.00_0.01,blur_2,enc_auto/c22c23_75059a72af5e4949aecdfbda8746f4ef_mv2.jpg]
[tusharm01.wixsite.com/gadgetjunction/product-page/fitboot-inspire-fitness-tracker-with-heart-rate-tracking-1.html]
[static.wixstatic.com/media/c22c23_3ab3d3acd73843deba1dece7b2254e2f_mv2.jpg/v1/fill/w_147,h_147,al_c,q_80,usm_0.66_1.00_0.01,blur_2,enc_auto/c22c23_3ab3d3acd73843deba1dece7b2254e2f_mv2.jpg]
[tusharm01.wixsite.com/gadgetjunction/product-page/jp-gaming-laptop-15-6-laptop-256gb.html]
[static.wixstatic.com/media/c22c23_77a52a8e6f8b4879a6548e11a3df3613_mv2.jpg/v1/fill/w_147,h_147,al_c,q_80,usm_0.66_1.00_0.01,blur_2,enc_auto/c22c23_77a52a8e6f8b4879a6548e11a3df3613_mv2.jpg]
[tusharm01.wixsite.com/gadgetjunction/product-page/hki-tech-quadcopter-drone-with-360-camera-controller-1.html]
[static.wixstatic.com/media/c22c23_527e6c6f3d944fb88c80907c2f754afb_mv2.jpg/v1/fill/w_147,h_147,al_c,q_80,usm_0.66_1.00_0.01,blur_2,enc_auto/c22c23_527e6c6f3d944fb88c80907c2f754afb_mv2.jpg]
[tusharm01.wixsite.com/gadgetjunction/product-page/smartphone-z-pixel-max-128gb-unlocked-1.html]
[static.wixstatic.com/media/c22c23_0fa2a9bb97f443658acb747221ff337b_mv2.jpg/v1/fill/w_147,h_147,al_c,q_80,usm_0.66_1.00_0.01,blur_2,enc_auto/c22c23_0fa2a9bb97f443658acb747221ff337b_mv2.jpg]
[tusharm01.wixsite.com/gadgetjunction/product-page/in-ear-noise-cancelling-isolating-wireless-earbuds.html]
[static.wixstatic.com/media/c22c23_35b786fdd0bb443e9ac09561af1569d3_mv2.jpg/v1/fill/w_147,h_147,al_c,q_80,usm_0.66_1.00_0.01,blur_2,enc_auto/c22c23_35b786fdd0bb443e9ac09561af1569d3_mv2.jpg]
[tusharm01.wixsite.com/gadgetjunction/product-page/safay-gen-2-256gb-vr-headset-with-touch-controllers.html]
[tusharm01.wixsite.com/media/emptystate.85a4add5.22.delayed]
[static.wixstatic.com/media/c837a6_82b44061aa3e4ad6958d2a1ac317199c_mv2.jpg/v1/fit/w_480,h_480,q_90/c837a6_82b44061aa3e4ad6958d2a1ac317199c_mv2.jpg]
[tusharm01.wixsite.com/gadgetjunction/best-sellers.html]
[static.wixstatic.com/media/c837a6_9c30b13d43264ebf888ab1e70eaf2daa_mv2.jpg/v1/fit/w_480,h_480,q_90/c837a6_9c30b13d43264ebf888ab1e70eaf2daa_mv2.jpg]
[static.wixstatic.com/media/c837a6_acb2a2d93555449693ae233b93cb3feb_mv2.jpg/v1/fit/w_480,h_480,q_90/c837a6_acb2a2d93555449693ae233b93cb3feb_mv2.jpg]
[static.wixstatic.com/media/c837a6_3fae8a0f61fc49c0afe7217c479c8e16_mv2.png/v1/fit/w_480,h_480,q_90/c837a6_3fae8a0f61fc49c0afe7217c479c8e16_mv2.png]
[static.wixstatic.com/media/c837a6_6d6b2a5842f449539f528c501e5cc035_mv2.jpg/v1/fit/w_480,h_480,q_90/c837a6_6d6b2a5842f449539f528c501e5cc035_mv2.jpg]
[static.wixstatic.com/media/c837a6_fba39b02bd5c4f43ae6d4e1db77204c5_mv2.png/v1/fit/w_480,h_480,q_90/c837a6_fba39b02bd5c4f43ae6d4e1db77204c5_mv2.png]
[static.wixstatic.com/media/c837a6_7a28e7356d6d4e9dbc6e0b1dfb2ac9b6_mv2.jpg/v1/fit/w_480,h_480,q_90/c837a6_7a28e7356d6d4e9dbc6e0b1dfb2ac9b6_mv2.jpg]
[static.wixstatic.com/media/c837a6_71e3b067871a4b6a88c3b93a55ba2b00_mv2.jpg/v1/fit/w_480,h_480,q_90/c837a6_71e3b067871a4b6a88c3b93a55ba2b00_mv2.jpg]
[static.wixstatic.com/media/c837a6_e0521967c9bb422abb3a3913f64d1eb5_mv2.jpg/v1/fit/w_480,h_480,q_90/c837a6_e0521967c9bb422abb3a3913f64d1eb5_mv2.jpg]
[static.wixstatic.com/media/c837a6_48fba84e8b3c48b48e1b5b493a515a3b_mv2.jpg/v1/fit/w_480,h_480,q_90/c837a6_48fba84e8b3c48b48e1b5b493a515a3b_mv2.jpg]
[static.wixstatic.com/media/c837a6_42dd66a436e846648736f4bc9546bf14_mv2.png/v1/fill/w_49,h_21,al_c,q_85,usm_0.66_1.00_0.01,blur_2,enc_auto/c837a6_42dd66a436e846648736f4bc9546bf14_mv2.png]
[static.wixstatic.com/media/c22c23_396e7b1e80764edca161180595507710_mv2.jpg/v1/fill/w_147,h_147,al_c,q_80,usm_0.66_1.00_0.01,blur_2,enc_auto/c22c23_396e7b1e80764edca161180595507710_mv2.jpg]
[tusharm01.wixsite.com/gadgetjunction/product-page/space-moon-smartwatch-with-charger.html]
[tusharm01.wixsite.com/gadgetjunction/product-page/ove-light-space-5g-128gb.html]
[static.wixstatic.com/media/c22c23_5ccf45bbbdf842e7955635610510f7c3_mv2.jpg/v1/fill/w_147,h_147,al_c,q_80,usm_0.66_1.00_0.01,blur_2,enc_auto/c22c23_5ccf45bbbdf842e7955635610510f7c3_mv2.jpg]
[static.wixstatic.com/media/c22c23_c4329067853e4f94a57afc2a226bd5cf_mv2.jpg/v1/fill/w_147,h_147,al_c,q_80,usm_0.66_1.00_0.01,blur_2,enc_auto/c22c23_c4329067853e4f94a57afc2a226bd5cf_mv2.jpg]
[tusharm01.wixsite.com/gadgetjunction/product-page/pilates-16-touch-screen-laptop-24gb-memory.html]
[static.wixstatic.com/media/c22c23_75b7c7a737a0437f8998a42d8a345a85_mv2.jpg/v1/fill/w_147,h_147,al_c,q_80,usm_0.66_1.00_0.01,blur_2,enc_auto/c22c23_75b7c7a737a0437f8998a42d8a345a85_mv2.jpg]
[tusharm01.wixsite.com/gadgetjunction/product-page/turn5-portable-bluetooth-speaker.html]
[static.wixstatic.com/media/c22c23_991175ea1f9140648365694757467456_mv2.jpg/v1/fill/w_147,h_147,al_c,q_80,usm_0.66_1.00_0.01,blur_2,enc_auto/c22c23_991175ea1f9140648365694757467456_mv2.jpg]
[tusharm01.wixsite.com/gadgetjunction/product-page/journey-glass-xd-virtual-reality-headset.html]
[static.wixstatic.com/media/c22c23_1fc89607a43a4df9b54dd3a1f9603f25_mv2.jpg/v1/fill/w_147,h_147,al_c,q_80,usm_0.66_1.00_0.01,blur_2,enc_auto/c22c23_1fc89607a43a4df9b54dd3a1f9603f25_mv2.jpg]
[static.wixstatic.com/media/c837a6_ecf32c7284d4430582fcc90f60a1b4e6_mv2.png/v1/fill/w_45,h_30,al_c,q_85,usm_0.66_1.00_0.01,blur_2,enc_auto/c837a6_ecf32c7284d4430582fcc90f60a1b4e6_mv2.png]
[static.wixstatic.com/media/c837a6_9117ead0c4e54c489723093e91f1a0c2_mv2.png/v1/fit/w_480,h_272,q_90/c837a6_9117ead0c4e54c489723093e91f1a0c2_mv2.png]
[tusharm01.wixsite.com/gadgetjunction/product-page/h1c-indoor-wireless-1080p-network-security-camera.html]
[static.wixstatic.com/media/c837a6_00d04f5724314ec689946e22d4b8b49c_mv2.png/v1/fit/w_480,h_272,q_90/c837a6_00d04f5724314ec689946e22d4b8b49c_mv2.png]
[static.wixstatic.com/media/c837a6_184d980948c744d6a2ce33533cfaab1e_mv2.png/v1/fit/w_480,h_272,q_90/c837a6_184d980948c744d6a2ce33533cfaab1e_mv2.png]
[static.wixstatic.com/media/c837a6_59362db94e2d47f299879adb4156d23b_mv2.png/v1/fit/w_480,h_272,q_90/c837a6_59362db94e2d47f299879adb4156d23b_mv2.png]
[static.wixstatic.com/media/c837a6_e4058f072b2c40bf9e8857c180342582_mv2.png/v1/fit/w_480,h_272,q_90/c837a6_e4058f072b2c40bf9e8857c180342582_mv2.png]
[static.wixstatic.com/media/c22c23_de5cbbefa9104fc1a1604ea146ea523a_mv2.jpg/v1/fill/w_97,h_60,al_c,q_80,usm_0.66_1.00_0.01,blur_2,enc_auto/c22c23_de5cbbefa9104fc1a1604ea146ea523a_mv2.jpg]
[tusharm01.wixsite.com/gadgetjunction/shipping-and-returns.html]
[static.wixstatic.com/media/84770f_27001c40036842889a78a72766ad4700_mv2.png/v1/fill/w_52,h_33,al_c,q_85,usm_0.66_1.00_0.01,blur_3,enc_auto/Visa.png]
[static.wixstatic.com/media/c837a6_e8798fcfdaf144478a5c7da1ba28ff2c_mv2.png/v1/fill/w_53,h_34,al_c,q_85,usm_0.66_1.00_0.01,blur_3,enc_auto/brand-mastercard@3x.png]
[tusharm01.wixsite.com/gadgetjunction/terms-and-conditions.html]
[static.wixstatic.com/media/c837a6_2bd3e20d1e214eccb5e106fc6d1f535d_mv2.png/v1/fill/w_46,h_29,al_c,q_85,usm_0.66_1.00_0.01,blur_3,enc_auto/brand-amex@3x.png]
[static.wixstatic.com/media/c837a6_52115f99af28419d95a951f226e32e2b_mv2.png/v1/fill/w_53,h_34,al_c,q_85,usm_0.66_1.00_0.01,blur_3,enc_auto/brand-chinaunionpay@3x.png]
[static.wixstatic.com/media/c837a6_9378fbd3ef8c470bb89aee12ecbd2209_mv2.png/v1/fill/w_53,h_34,al_c,q_85,usm_0.66_1.00_0.01,blur_3,enc_auto/brand-jcb@3x.png]
[static.wixstatic.com/media/84770f_70555dcb450a415d80322cb8d7e82a33_mv2.png/v1/fill/w_52,h_38,al_c,q_85,usm_0.66_1.00_0.01,blur_3,enc_auto/Diners.png]
[static.wixstatic.com/media/84770f_14f105815c3f47bf9001990706915501_mv2.png/v1/fill/w_55,h_35,al_c,q_85,usm_0.66_1.00_0.01,blur_3,enc_auto/Discover.png]
[static.wixstatic.com/media/84770f_8445424a46ca49f39359bf19d4a3e537_mv2.png/v1/fill/w_55,h_35,al_c,q_85,usm_0.66_1.00_0.01,blur_3,enc_auto/PayPal.png]
[browser.sentry-cdn.com/6.18.2/bundle.min.js]
[tusharm01.wixsite.com/sitemap.4c.delayed]
[tusharm01.wixsite.com/feed.4d.delayed]
[tusharm01.wixsite.com/${n.4e.delayed]
[static.parastorage.com/services/wix-thunderbolt/dist/thunderbolt-commons.3aa0e6a0.bundle.min.js]
[static.parastorage.com/services/wix-thunderbolt/dist/main.9e852837.bundle.min.js]
[static.parastorage.com/unpkg/lodash@4.17.21/lodash.min.js]
[static.parastorage.com/unpkg/react@16.14.0/umd/react.production.min.js]
[static.parastorage.com/unpkg/react-dom@16.14.0/umd/react-dom.production.min.js]
[tusharm01.wixsite.com/decodeURIComponent(e.54.delayed]
[static.parastorage.com/services/tag-manager-client/1.820.0/siteTags.bundle.min.js]
[static.parastorage.com/services/wix-perf-measure/1.1095.0/wix-perf-measure.umd.min.js]
[tusharm01.wixsite.com/gadgetjunction.html]
[tusharm01.wixsite.com/index.html]
[static.wixstatic.com/media/c837a6_57c256d2c7474590a3f295bad576b0a1_mv2.jpg/v1/fill/w_123,h_78,al_c,q_80,usm_0.66_1.00_0.01,blur_2,enc_auto/c837a6_57c256d2c7474590a3f295bad576b0a1_mv2.jpg]
[tusharm01.wixsite.com/gadgetjunction/robots.58.delayed]
[tusharm01.wixsite.com/gadgetjunction/sitemap.xml]
[tusharm01.wixsite.com/gadgetjunction/feed.5a.delayed]
[tusharm01.wixsite.com/gadgetjunction/${n.5b.delayed]
[tusharm01.wixsite.com/gadgetjunction/decodeURIComponent(e.5c.delayed]
[tusharm01.wixsite.com/gadgetjunction/about.html]
[tusharm01.wixsite.com/gadgetjunction/contact.html]
[tusharm01.wixsite.com/gadgetjunction/help-center.html]
[tusharm01.wixsite.com/gadgetjunction/cart-page.html]
[tusharm01.wixsite.com/gadgetjunction/shop-all4658.html]
[static.wixstatic.com/media/c22c23_67a4de6683784fbbb684418e49d5d854_mv2.png/v1/fill/w_49,h_49,al_c,q_85,usm_0.66_1.00_0.01,blur_2,enc_auto/c22c23_67a4de6683784fbbb684418e49d5d854_mv2.png]
[tusharm01.wixsite.com/gadgetjunction/product-page/sheer-10-2-tablet-with-wi-fi-32gb-1.html]
[static.wixstatic.com/media/c22c23_9a6d29ecf9c640b28cc79f695e9fb3c2_mv2.png/v1/fill/w_49,h_49,al_c,q_85,usm_0.66_1.00_0.01,blur_2,enc_auto/c22c23_9a6d29ecf9c640b28cc79f695e9fb3c2_mv2.png]
[tusharm01.wixsite.com/gadgetjunction/product-page/jp-space-tablet-10-4-wi-fi-32gb.html]
[tusharm01.wixsite.com/gadgetjunction/product-page/pilates-go-10-5-touch-screen-64gb-with-cover-1.html]
[static.wixstatic.com/media/c22c23_23738414163d418092290f6b9becc5f5_mv2.png/v1/fill/w_49,h_49,al_c,q_85,usm_0.66_1.00_0.01,blur_2,enc_auto/c22c23_23738414163d418092290f6b9becc5f5_mv2.png]
[static.wixstatic.com/media/c22c23_5669a61229d34b15b7ff71c4f2269a4b_mv2.png/v1/fill/w_49,h_49,al_c,q_85,usm_0.66_1.00_0.01,blur_2,enc_auto/c22c23_5669a61229d34b15b7ff71c4f2269a4b_mv2.png]
[tusharm01.wixsite.com/gadgetjunction/product-page/ove-tablet-fd-plus-10-3-32gb.html]
[static.wixstatic.com/media/c22c23_91ee238e5ee447878278fd04f4d3fafe_mv2.png/v1/fill/w_49,h_49,al_c,q_85,usm_0.66_1.00_0.01,blur_2,enc_auto/c22c23_91ee238e5ee447878278fd04f4d3fafe_mv2.png]
[tusharm01.wixsite.com/gadgetjunction/product-page/sheer-pro-7-9-inch-mini-tablet.html]
[static.wixstatic.com/media/c22c23_a055ae2dfe6f457b9c2f6f3fa6d95126_mv2.png/v1/fill/w_49,h_49,al_c,q_85,usm_0.66_1.00_0.01,blur_2,enc_auto/c22c23_a055ae2dfe6f457b9c2f6f3fa6d95126_mv2.png]
[tusharm01.wixsite.com/gadgetjunction/product-page/ocean-pro-11-12-3-touch-screen.html]
[static.wixstatic.com/media/c22c23_597373dec7644ad2818277724199fb0c_mv2.png/v1/fill/w_49,h_49,al_c,q_85,usm_0.66_1.00_0.01,blur_2,enc_auto/c22c23_597373dec7644ad2818277724199fb0c_mv2.png]
[tusharm01.wixsite.com/gadgetjunction/product-page/corr-playtime-10-3-32gb-with-wi-fi-1.html]
[static.wixstatic.com/media/c22c23_01a8a61a9f6c4e3a97711b8c684050e9_mv2.png/v1/fill/w_49,h_49,al_c,q_85,usm_0.66_1.00_0.01,blur_2,enc_auto/c22c23_01a8a61a9f6c4e3a97711b8c684050e9_mv2.png]
[tusharm01.wixsite.com/gadgetjunction/product-page/pilates-14-touch-screen-laptop-12gb-memory.html]
[static.wixstatic.com/media/c22c23_dbf65eb585cf415ba135313576716352_mv2.png/v1/fill/w_49,h_49,al_c,q_85,usm_0.66_1.00_0.01,blur_2,enc_auto/c22c23_dbf65eb585cf415ba135313576716352_mv2.png]
[tusharm01.wixsite.com/gadgetjunction/product-page/turn5-portable-bluetooth-speaker-with-handle.html]
[tusharm01.wixsite.com/gadgetjunction/product-page/tv-bluetooth-soundbar-with-hdmi-arc-connectivity-2.html]
[static.wixstatic.com/media/c22c23_bb3cb6edf9ff4594817c7a2aaedd2a15_mv2.png/v1/fill/w_49,h_49,al_c,q_85,usm_0.66_1.00_0.01,blur_2,enc_auto/c22c23_bb3cb6edf9ff4594817c7a2aaedd2a15_mv2.png]
[static.wixstatic.com/media/c22c23_09339ee46fd441b8bdaf76b3a7081135_mv2.png/v1/fill/w_49,h_49,al_c,q_85,usm_0.66_1.00_0.01,blur_2,enc_auto/c22c23_09339ee46fd441b8bdaf76b3a7081135_mv2.png]
[tusharm01.wixsite.com/gadgetjunction/product-page/pill-shape-silver-portable-bluetooth-speaker.html]
[static.wixstatic.com/media/c22c23_d4488c12f2bc40dfbd1bbd82956eb97a_mv2.png/v1/fill/w_49,h_49,al_c,q_85,usm_0.66_1.00_0.01,blur_2,enc_auto/c22c23_d4488c12f2bc40dfbd1bbd82956eb97a_mv2.png]
[tusharm01.wixsite.com/gadgetjunction/product-page/round-mini-portable-bluetooth-speaker.html]
[static.wixstatic.com/media/c22c23_68fb3f3fcf134e91a00a956483ba56f8_mv2.png/v1/fill/w_49,h_49,al_c,q_85,usm_0.66_1.00_0.01,blur_2,enc_auto/c22c23_68fb3f3fcf134e91a00a956483ba56f8_mv2.png]
[tusharm01.wixsite.com/gadgetjunction/product-page/studio-8-portable-bluetooth-speaker.html]
[static.wixstatic.com/media/c22c23_65076c29d2de4910b9376408663514c2_mv2.png/v1/fill/w_49,h_49,al_c,q_85,usm_0.66_1.00_0.01,blur_2,enc_auto/c22c23_65076c29d2de4910b9376408663514c2_mv2.png]
[tusharm01.wixsite.com/gadgetjunction/product-page/balo-headphones-700-wireless-noise-cancelling.html]
[static.wixstatic.com/media/c22c23_68efa76790cf48a7acdb518977ce72a1_mv2.png/v1/fill/w_49,h_49,al_c,q_85,usm_0.66_1.00_0.01,blur_2,enc_auto/c22c23_68efa76790cf48a7acdb518977ce72a1_mv2.png]
[tusharm01.wixsite.com/gadgetjunction/product-page/space-buds-true-wireless-earbud-headphones.html]
[static.wixstatic.com/media/c22c23_31759778ff1248978471f8cc44c24f9d_mv2.png/v1/fill/w_49,h_49,al_c,q_85,usm_0.66_1.00_0.01,blur_2,enc_auto/c22c23_31759778ff1248978471f8cc44c24f9d_mv2.png]
[tusharm01.wixsite.com/gadgetjunction/product-page/drums-pro-wireless-on-ear-headphones.html]
[static.wixstatic.com/media/c22c23_77c2b89535374768bec1d6337dcdbddc_mv2.jpg/v1/fill/w_147,h_147,al_c,q_80,usm_0.66_1.00_0.01,blur_2,enc_auto/c22c23_77c2b89535374768bec1d6337dcdbddc_mv2.jpg]
[tusharm01.wixsite.com/gadgetjunction/product-page/shel-50-class-led-4k-uhd-smart-tv.html]
[static.wixstatic.com/media/c22c23_4567980aa0eb4bfba21b3706eaa8b2ca_mv2.jpg/v1/fill/w_147,h_147,al_c,q_80,usm_0.66_1.00_0.01,blur_2,enc_auto/c22c23_4567980aa0eb4bfba21b3706eaa8b2ca_mv2.jpg]
[tusharm01.wixsite.com/gadgetjunction/product-page/fitwatch-fitness-smart-watch.html]
[static.wixstatic.com/media/c22c23_a79ca5eba4af45bc99bf27f0d9eb637d_mv2.jpg/v1/fill/w_147,h_147,al_c,q_80,usm_0.66_1.00_0.01,blur_2,enc_auto/c22c23_a79ca5eba4af45bc99bf27f0d9eb637d_mv2.jpg]
[tusharm01.wixsite.com/gadgetjunction/product-page/hv-virtual-reality-system-for-pc.html]
[static.wixstatic.com/media/c22c23_d898eb06de73454788ddf633d055e85b_mv2.jpg/v1/fill/w_147,h_147,al_c,q_80,usm_0.66_1.00_0.01,blur_2,enc_auto/c22c23_d898eb06de73454788ddf633d055e85b_mv2.jpg]
[tusharm01.wixsite.com/gadgetjunction/product-page/pantony-6p-activity-tracker.html]
[static.wixstatic.com/media/c22c23_ee8bc28108d44d34b0ed1b312845667f_mv2.jpg/v1/fill/w_147,h_147,al_c,q_80,usm_0.66_1.00_0.01,blur_2,enc_auto/c22c23_ee8bc28108d44d34b0ed1b312845667f_mv2.jpg]
[tusharm01.wixsite.com/gadgetjunction/product-page/fitwatch-xdh-fitness-smart-watch-1.html]
[static.wixstatic.com/media/c22c23_f37a0a50f81146d7bbaf5edb5803cd9f_mv2.jpg/v1/fill/w_147,h_147,al_c,q_80,usm_0.66_1.00_0.01,blur_2,enc_auto/c22c23_f37a0a50f81146d7bbaf5edb5803cd9f_mv2.jpg]
[tusharm01.wixsite.com/gadgetjunction/product-page/pantony-x21-5g-128gb-with-z-pen-1.html]
[static.wixstatic.com/media/c22c23_229835b7ed254c8c95f2b90ef1404ded_mv2.jpg/v1/fill/w_147,h_147,al_c,q_80,usm_0.66_1.00_0.01,blur_2,enc_auto/c22c23_229835b7ed254c8c95f2b90ef1404ded_mv2.jpg]
[tusharm01.wixsite.com/gadgetjunction/product-page/jp-exmax-phantom-5g-16gb.html]
[static.wixstatic.com/media/c22c23_299fed1f1efd4b4fa580ac49d00628dd_mv2.jpg/v1/fill/w_147,h_147,al_c,q_80,usm_0.66_1.00_0.01,blur_2,enc_auto/c22c23_299fed1f1efd4b4fa580ac49d00628dd_mv2.jpg]
[tusharm01.wixsite.com/gadgetjunction/product-page/pantony-super-10w-5g-128gb.html]
[static.wixstatic.com/media/c22c23_7c88223cd6d647ca80670b82509dbf15_mv2.jpg/v1/fill/w_147,h_147,al_c,q_80,usm_0.66_1.00_0.01,blur_2,enc_auto/c22c23_7c88223cd6d647ca80670b82509dbf15_mv2.jpg]
[tusharm01.wixsite.com/gadgetjunction/product-page/jp-light-phantom-5g-16gb.html]
[static.wixstatic.com/media/c22c23_28f533b5fbdc45ed9a1b88c7e911bdd6_mv2.jpg/v1/fill/w_147,h_147,al_c,q_80,usm_0.66_1.00_0.01,blur_2,enc_auto/c22c23_28f533b5fbdc45ed9a1b88c7e911bdd6_mv2.jpg]
[tusharm01.wixsite.com/gadgetjunction/shop-all.html]
[tusharm01.wixsite.com/gadgetjunction/product-page/max-pantony-s-5g-128gb.html]
[static.wixstatic.com/media/c22c23_3e48ef6f13594f4198e6dbfca755b68f_mv2.jpg/v1/fill/w_147,h_147,al_c,q_80,usm_0.66_1.00_0.01,blur_2,enc_auto/c22c23_3e48ef6f13594f4198e6dbfca755b68f_mv2.jpg]
[tusharm01.wixsite.com/gadgetjunction/product-page/corr-desktop-12gb-memory-wifi-bluetooth-keyboard-mouse-1.html]
[static.wixstatic.com/media/c22c23_88af147a4da742eb86528c8d8e5594fd_mv2.jpg/v1/fill/w_147,h_147,al_c,q_80,usm_0.66_1.00_0.01,blur_2,enc_auto/c22c23_88af147a4da742eb86528c8d8e5594fd_mv2.jpg]
[tusharm01.wixsite.com/gadgetjunction/product-page/corr-desktop-24gb-memory-29-screen-keyboard-mouse-1.html]
[static.wixstatic.com/media/c22c23_6137a9aabb314e18bd7cbbbcb37ef185_mv2.jpg/v1/fill/w_147,h_147,al_c,q_80,usm_0.66_1.00_0.01,blur_2,enc_auto/c22c23_6137a9aabb314e18bd7cbbbcb37ef185_mv2.jpg]
[tusharm01.wixsite.com/gadgetjunction/product-page/pilates-16-touch-screen-laptop-12gb-memory.html]
[static.wixstatic.com/media/c22c23_6dcb5abdf4904e1a9ca4a5d3234ead49_mv2.jpg/v1/fill/w_147,h_147,al_c,q_80,usm_0.66_1.00_0.01,blur_2,enc_auto/c22c23_6dcb5abdf4904e1a9ca4a5d3234ead49_mv2.jpg]
[tusharm01.wixsite.com/gadgetjunction/product-page/msp-14-laptop-16gb-memory-carbon-gray.html]
[tusharm01.wixsite.com/gadgetjunction/product-page/jp-29-led-wide-fhd-monitor-1.html]
[static.wixstatic.com/media/c22c23_3a1cae1c619a4bfc8c1fcfb73e5ed4e6_mv2.jpg/v1/fill/w_147,h_147,al_c,q_80,usm_0.66_1.00_0.01,blur_2,enc_auto/c22c23_3a1cae1c619a4bfc8c1fcfb73e5ed4e6_mv2.jpg]
[tusharm01.wixsite.com/gadgetjunction/computers.html]
[static.wixstatic.com/media/c22c23_5357f93228bc4548ba664ea0b8d91f27_mv2.jpg/v1/fill/w_147,h_147,al_c,q_80,usm_0.66_1.00_0.01,blur_2,enc_auto/c22c23_5357f93228bc4548ba664ea0b8d91f27_mv2.jpg]
[tusharm01.wixsite.com/gadgetjunction/tablets.html]
[tusharm01.wixsite.com/gadgetjunction/product-page/space-tablet-s7-11-128gb-wi-fi.html]
[tusharm01.wixsite.com/gadgetjunction/drones-and-cameras]
[static.wixstatic.com/media/c22c23_59eb04b5184848f597f1802443c62ccc_mv2.jpg/v1/fill/w_147,h_147,al_c,q_80,usm_0.66_1.00_0.01,blur_2,enc_auto/c22c23_59eb04b5184848f597f1802443c62ccc_mv2.jpg]
[tusharm01.wixsite.com/gadgetjunction/product-page/certified-pantony-buds-wireless-earbud-headphones.html]
[tusharm01.wixsite.com/gadgetjunction/product-page/white-buds-wireless-earbud-headphones.html]
[static.wixstatic.com/media/c22c23_1752807cf4f14909a5928ba0cedb339e_mv2.jpg/v1/fill/w_147,h_147,al_c,q_80,usm_0.66_1.00_0.01,blur_2,enc_auto/c22c23_1752807cf4f14909a5928ba0cedb339e_mv2.jpg]
[static.wixstatic.com/media/c22c23_0d97e80aa2aa4072878ad49cbe04e926_mv2.jpg/v1/fill/w_147,h_147,al_c,q_80,usm_0.66_1.00_0.01,blur_2,enc_auto/c22c23_0d97e80aa2aa4072878ad49cbe04e926_mv2.jpg]
[tusharm01.wixsite.com/gadgetjunction/product-page/surround-sound-10-2-gaming-headset.html]
[static.wixstatic.com/media/c22c23_9ff1bd93e19f48b19670b5f6b19e874d_mv2.jpg/v1/fill/w_147,h_147,al_c,q_80,usm_0.66_1.00_0.01,blur_2,enc_auto/c22c23_9ff1bd93e19f48b19670b5f6b19e874d_mv2.jpg]
[tusharm01.wixsite.com/gadgetjunction/headphones.html]
[tusharm01.wixsite.com/gadgetjunction/product-page/mx50-wired-earbud-headphones.html]
[tusharm01.wixsite.com/gadgetjunction/product-page/sdk-portable-bluetooth-speaker.html]
[static.wixstatic.com/media/c22c23_7b3b59adc71d48aea694647bfb4385b8_mv2.jpg/v1/fill/w_147,h_147,al_c,q_80,usm_0.66_1.00_0.01,blur_2,enc_auto/c22c23_7b3b59adc71d48aea694647bfb4385b8_mv2.jpg]
[static.wixstatic.com/media/c22c23_d07318f25e874d25b1151a36333e8fcb_mv2.jpg/v1/fill/w_147,h_147,al_c,q_80,usm_0.66_1.00_0.01,blur_2,enc_auto/c22c23_d07318f25e874d25b1151a36333e8fcb_mv2.jpg]
[tusharm01.wixsite.com/gadgetjunction/speakers-1.html]
[tusharm01.wixsite.com/gadgetjunction/product-page/sxd-mini-portable-bluetooth-speaker.html]
[tusharm01.wixsite.com/gadgetjunction/product-page/go-xpd-protector-5g-16gb.html]
[static.wixstatic.com/media/c22c23_7fcc8eee4f374e80abdf363d0142d2ea_mv2.jpg/v1/fill/w_147,h_147,al_c,q_80,usm_0.66_1.00_0.01,blur_2,enc_auto/c22c23_7fcc8eee4f374e80abdf363d0142d2ea_mv2.jpg]
[tusharm01.wixsite.com/gadgetjunction/mobile.html]
[static.wixstatic.com/media/c22c23_30fe87ca94c0479d9bc5e039301f90cf_mv2.jpg/v1/fill/w_147,h_147,al_c,q_80,usm_0.66_1.00_0.01,blur_2,enc_auto/c22c23_30fe87ca94c0479d9bc5e039301f90cf_mv2.jpg]
[tusharm01.wixsite.com/gadgetjunction/product-page/tv-bluetooth-soundbar-with-hdmi-arc-connectivity-1.html]
[static.wixstatic.com/media/c22c23_26dd5ed4d9c34428b4b7423e7fdddf21_mv2.jpg/v1/fill/w_147,h_147,al_c,q_80,usm_0.66_1.00_0.01,blur_2,enc_auto/c22c23_26dd5ed4d9c34428b4b7423e7fdddf21_mv2.jpg]
[tusharm01.wixsite.com/gadgetjunction/product-page/shel-40-class-led-full-hd-smart-tv.html]
[static.wixstatic.com/media/c22c23_7cafe7e6503648ebbaf422161045861d_mv2.jpg/v1/fill/w_147,h_147,al_c,q_80,usm_0.66_1.00_0.01,blur_2,enc_auto/c22c23_7cafe7e6503648ebbaf422161045861d_mv2.jpg]
[tusharm01.wixsite.com/gadgetjunction/product-page/wilsom-home-cinema-4k-pro-uhd-3lcd-projector.html]
[static.wixstatic.com/media/c22c23_6df363bec6fc43dd9d47ed2d34335417_mv2.jpg/v1/fill/w_147,h_147,al_c,q_80,usm_0.66_1.00_0.01,blur_2,enc_auto/c22c23_6df363bec6fc43dd9d47ed2d34335417_mv2.jpg]
[tusharm01.wixsite.com/gadgetjunction/product-page/allure-55-class-led-4k-uhd-smart-tv.html]
[static.wixstatic.com/media/c22c23_4fc66d5377a64a80a4c5a303bf338a5d_mv2.jpg/v1/fill/w_147,h_147,al_c,q_80,usm_0.66_1.00_0.01,blur_2,enc_auto/c22c23_4fc66d5377a64a80a4c5a303bf338a5d_mv2.jpg]
[tusharm01.wixsite.com/gadgetjunction/product-page/jp-470-wireless-mini-projector.html]
[static.wixstatic.com/media/c22c23_c447eca994e940c7ba7562fc67955083_mv2.jpg/v1/fill/w_147,h_147,al_c,q_80,usm_0.66_1.00_0.01,blur_2,enc_auto/c22c23_c447eca994e940c7ba7562fc67955083_mv2.jpg]
[tusharm01.wixsite.com/gadgetjunction/product-page/42-class-full-hd-smart-streamer-tv.html]
[static.wixstatic.com/media/c22c23_a78a3c8e4c63423ab6967f12ca17e447_mv2.jpg/v1/fill/w_147,h_147,al_c,q_80,usm_0.66_1.00_0.01,blur_2,enc_auto/c22c23_a78a3c8e4c63423ab6967f12ca17e447_mv2.jpg]
[tusharm01.wixsite.com/gadgetjunction/t-v-and-home-cinema.html]
[tusharm01.wixsite.com/gadgetjunction/wearable-tech.html]
[tusharm01.wixsite.com/gadgetjunction/product-page/65-class-nano-led-4k-uhd-smart-tv.html]
[static.wixstatic.com/media/c22c23_3fd6a46235b34d158ce2ad1628900bb2_mv2.jpg/v1/fill/w_147,h_147,al_c,q_80,usm_0.66_1.00_0.01,blur_2,enc_auto/c22c23_3fd6a46235b34d158ce2ad1628900bb2_mv2.jpg]
[tusharm01.wixsite.com/gadgetjunction/product-page/pantony-dslr-old-school-camera-with-18-55mm-lens-1.html]
[static.wixstatic.com/media/c22c23_c25f748ee2264db6a3767d99717a2b84_mv2.jpg/v1/fill/w_147,h_147,al_c,q_80,usm_0.66_1.00_0.01,blur_2,enc_auto/c22c23_c25f748ee2264db6a3767d99717a2b84_mv2.jpg]
[tusharm01.wixsite.com/gadgetjunction/sale.html]
[tusharm01.wixsite.com/gadgetjunction/product-page/megapixel-waterproof-mini-digital-camera.html]
[static.wixstatic.com/media/c22c23_75059a72af5e4949aecdfbda8746f4ef_mv2.jpg/v1/fill/w_1960,h_996,al_c,q_85,usm_0.66_1.00_0.01/c22c23_75059a72af5e4949aecdfbda8746f4ef_mv2.jpg]
[tusharm01.wixsite.com/gadgetjunction/home.html]
[tusharm01.wixsite.com/gadgetjunction/product-page/sitemap.c1.delayed]
[tusharm01.wixsite.com/gadgetjunction/product-page/feed.c2.delayed]
[tusharm01.wixsite.com/gadgetjunction/product-page/robots.html]
[tusharm01.wixsite.com/gadgetjunction/product-page/${n.html]
[tusharm01.wixsite.com/gadgetjunction/product-page/fitboot-inspire-fitness-tracker-with-heart-rate-tracking-1.html]
[static.wixstatic.com/media/c22c23_3ab3d3acd73843deba1dece7b2254e2f_mv2.jpg/v1/fill/w_1960,h_996,al_c,q_85,usm_0.66_1.00_0.01/c22c23_3ab3d3acd73843deba1dece7b2254e2f_mv2.jpg]
[tusharm01.wixsite.com/gadgetjunction/product-page/jp-gaming-laptop-15-6-laptop-256gb.html]
[tusharm01.wixsite.com/gadgetjunction/product-page/decodeURIComponent(e.html]
[static.wixstatic.com/media/c22c23_77a52a8e6f8b4879a6548e11a3df3613_mv2.jpg/v1/fill/w_1960,h_996,al_c,q_85,usm_0.66_1.00_0.01/c22c23_77a52a8e6f8b4879a6548e11a3df3613_mv2.jpg]
[static.wixstatic.com/media/c22c23_18e0fae4cf7d48cbaa4d26f9fa70c8a8_mv2.jpg/v1/fill/w_1960,h_996,al_c,q_85,usm_0.66_1.00_0.01/c22c23_18e0fae4cf7d48cbaa4d26f9fa70c8a8_mv2.jpg]
[static.wixstatic.com/media/c22c23_e458c02b05634c34a668c944a369f0bf_mv2.jpg/v1/fill/w_1960,h_996,al_c,q_85,usm_0.66_1.00_0.01/c22c23_e458c02b05634c34a668c944a369f0bf_mv2.jpg]
[static.wixstatic.com/media/c22c23_77a52a8e6f8b4879a6548e11a3df3613_mv2.jpg/v1/fill/w_45,h_45,al_c,q_50,usm_0.66_1.00_0.01/c22c23_77a52a8e6f8b4879a6548e11a3df3613_mv2.jpg]
[static.wixstatic.com/media/c22c23_18e0fae4cf7d48cbaa4d26f9fa70c8a8_mv2.jpg/v1/fill/w_45,h_45,al_c,q_50,usm_0.66_1.00_0.01/c22c23_18e0fae4cf7d48cbaa4d26f9fa70c8a8_mv2.jpg]
[static.wixstatic.com/media/c22c23_e458c02b05634c34a668c944a369f0bf_mv2.jpg/v1/fill/w_45,h_45,al_c,q_50,usm_0.66_1.00_0.01/c22c23_e458c02b05634c34a668c944a369f0bf_mv2.jpg]
[tusharm01.wixsite.com/gadgetjunction/product-page/hki-tech-quadcopter-drone-with-360-camera-controller-1.html]
[static.wixstatic.com/media/c22c23_527e6c6f3d944fb88c80907c2f754afb_mv2.jpg/v1/fill/w_1960,h_996,al_c,q_85,usm_0.66_1.00_0.01/c22c23_527e6c6f3d944fb88c80907c2f754afb_mv2.jpg]
[tusharm01.wixsite.com/gadgetjunction/product-page/smartphone-z-pixel-max-128gb-unlocked-1.html]
[static.wixstatic.com/media/c22c23_0fa2a9bb97f443658acb747221ff337b_mv2.jpg/v1/fill/w_1960,h_996,al_c,q_85,usm_0.66_1.00_0.01/c22c23_0fa2a9bb97f443658acb747221ff337b_mv2.jpg]
[tusharm01.wixsite.com/gadgetjunction/product-page/in-ear-noise-cancelling-isolating-wireless-earbuds.html]
[static.wixstatic.com/media/c22c23_35b786fdd0bb443e9ac09561af1569d3_mv2.jpg/v1/fill/w_1960,h_996,al_c,q_85,usm_0.66_1.00_0.01/c22c23_35b786fdd0bb443e9ac09561af1569d3_mv2.jpg]
[tusharm01.wixsite.com/gadgetjunction/product-page/safay-gen-2-256gb-vr-headset-with-touch-controllers.html]
[tusharm01.wixsite.com/gadgetjunction/best-sellers.html]
[tusharm01.wixsite.com/media/emptystate.85a4add5.html]
[static.wixstatic.com/media/c22c23_396e7b1e80764edca161180595507710_mv2.jpg/v1/fill/w_1960,h_996,al_c,q_85,usm_0.66_1.00_0.01/c22c23_396e7b1e80764edca161180595507710_mv2.jpg]
[tusharm01.wixsite.com/gadgetjunction/product-page/space-moon-smartwatch-with-charger.html]
[static.wixstatic.com/media/c22c23_5ccf45bbbdf842e7955635610510f7c3_mv2.jpg/v1/fill/w_1960,h_996,al_c,q_85,usm_0.66_1.00_0.01/c22c23_5ccf45bbbdf842e7955635610510f7c3_mv2.jpg]
[tusharm01.wixsite.com/gadgetjunction/product-page/ove-light-space-5g-128gb.html]
[static.wixstatic.com/media/c22c23_c4329067853e4f94a57afc2a226bd5cf_mv2.jpg/v1/fill/w_1960,h_996,al_c,q_85,usm_0.66_1.00_0.01/c22c23_c4329067853e4f94a57afc2a226bd5cf_mv2.jpg]
[tusharm01.wixsite.com/gadgetjunction/product-page/pilates-16-touch-screen-laptop-24gb-memory.html]
[static.wixstatic.com/media/c22c23_75b7c7a737a0437f8998a42d8a345a85_mv2.jpg/v1/fill/w_1960,h_996,al_c,q_85,usm_0.66_1.00_0.01/c22c23_75b7c7a737a0437f8998a42d8a345a85_mv2.jpg]
[static.wixstatic.com/media/c22c23_850b798d34cb4bc38b3831908d88fe1b_mv2.jpg/v1/fill/w_1960,h_996,al_c,q_85,usm_0.66_1.00_0.01/c22c23_850b798d34cb4bc38b3831908d88fe1b_mv2.jpg]
[static.wixstatic.com/media/c22c23_5e442e8075524db9b22a9d894cbc1809_mv2.jpg/v1/fill/w_1960,h_996,al_c,q_85,usm_0.66_1.00_0.01/c22c23_5e442e8075524db9b22a9d894cbc1809_mv2.jpg]
[static.wixstatic.com/media/c22c23_87ed63dca3d44f239ab102200c1f46a5_mv2.jpg/v1/fill/w_1960,h_996,al_c,q_85,usm_0.66_1.00_0.01/c22c23_87ed63dca3d44f239ab102200c1f46a5_mv2.jpg]
[static.wixstatic.com/media/c22c23_75b7c7a737a0437f8998a42d8a345a85_mv2.jpg/v1/fill/w_45,h_45,al_c,q_50,usm_0.66_1.00_0.01/c22c23_75b7c7a737a0437f8998a42d8a345a85_mv2.jpg]
[static.wixstatic.com/media/c22c23_850b798d34cb4bc38b3831908d88fe1b_mv2.jpg/v1/fill/w_45,h_45,al_c,q_50,usm_0.66_1.00_0.01/c22c23_850b798d34cb4bc38b3831908d88fe1b_mv2.jpg]
[static.wixstatic.com/media/c22c23_5e442e8075524db9b22a9d894cbc1809_mv2.jpg/v1/fill/w_45,h_45,al_c,q_50,usm_0.66_1.00_0.01/c22c23_5e442e8075524db9b22a9d894cbc1809_mv2.jpg]
[static.wixstatic.com/media/c22c23_87ed63dca3d44f239ab102200c1f46a5_mv2.jpg/v1/fill/w_45,h_45,al_c,q_50,usm_0.66_1.00_0.01/c22c23_87ed63dca3d44f239ab102200c1f46a5_mv2.jpg]
[tusharm01.wixsite.com/gadgetjunction/product-page/turn5-portable-bluetooth-speaker.html]
[static.wixstatic.com/media/c22c23_991175ea1f9140648365694757467456_mv2.jpg/v1/fill/w_1960,h_996,al_c,q_85,usm_0.66_1.00_0.01/c22c23_991175ea1f9140648365694757467456_mv2.jpg]
[tusharm01.wixsite.com/gadgetjunction/product-page/journey-glass-xd-virtual-reality-headset.html]
[static.wixstatic.com/media/c22c23_1fc89607a43a4df9b54dd3a1f9603f25_mv2.jpg/v1/fill/w_1960,h_996,al_c,q_85,usm_0.66_1.00_0.01/c22c23_1fc89607a43a4df9b54dd3a1f9603f25_mv2.jpg]
[tusharm01.wixsite.com/gadgetjunction/product-page/h1c-indoor-wireless-1080p-network-security-camera.html]
[tusharm01.wixsite.com/gadgetjunction/shipping-and-returns.html]
[tusharm01.wixsite.com/gadgetjunction/terms-and-conditions.html]
[tusharm01.wixsite.com/sitemap.html]
[tusharm01.wixsite.com/feed.html]
[tusharm01.wixsite.com/${n.html]
[tusharm01.wixsite.com/decodeURIComponent(e.html]
[tusharm01.wixsite.com/gadgetjunction/robots.html]
[tusharm01.wixsite.com/gadgetjunction/feed.html]
[tusharm01.wixsite.com/gadgetjunction/${n.html]
[tusharm01.wixsite.com/gadgetjunction/decodeURIComponent(e.html]
[static.wixstatic.com/media/c22c23_1bef44e4aad644d88da3458c1aa9c341_mv2.jpg/v1/fill/w_147,h_147,al_c,q_80,usm_0.66_1.00_0.01,blur_2,enc_auto/c22c23_1bef44e4aad644d88da3458c1aa9c341_mv2.jpg]
[tusharm01.wixsite.com/gadgetjunction/product-page/pantony-180-20-0-megapixel-digital-camera.html]
[static.wixstatic.com/media/c22c23_607618f163cf465da48e3393dbcd871e_mv2.jpg/v1/fill/w_147,h_147,al_c,q_80,usm_0.66_1.00_0.01,blur_2,enc_auto/c22c23_607618f163cf465da48e3393dbcd871e_mv2.jpg]
[tusharm01.wixsite.com/gadgetjunction/product-page/exe-mini-drone-with-sky-controller-1.html]
[static.wixstatic.com/media/c22c23_2d5a87c251274b8083356fd1e61cf68d_mv2.jpg/v1/fill/w_147,h_147,al_c,q_80,usm_0.66_1.00_0.01,blur_2,enc_auto/c22c23_2d5a87c251274b8083356fd1e61cf68d_mv2.jpg]
[tusharm01.wixsite.com/gadgetjunction/product-page/wave-mini-4-quadcopter-with-remote-controller-1.html]
[static.wixstatic.com/media/c22c23_717f42d8a3d648eab5245dd2025d29ac_mv2.jpg/v1/fill/w_147,h_147,al_c,q_80,usm_0.66_1.00_0.01,blur_2,enc_auto/c22c23_717f42d8a3d648eab5245dd2025d29ac_mv2.jpg]
[tusharm01.wixsite.com/gadgetjunction/shop-all4658.html]
[tusharm01.wixsite.com/gadgetjunction/product-page/shak-outdoor-spotlight-security-camera.html]
[static.wixstatic.com/media/c22c23_67a4de6683784fbbb684418e49d5d854_mv2.png/v1/fill/w_1960,h_996,al_c,usm_0.66_1.00_0.01/c22c23_67a4de6683784fbbb684418e49d5d854_mv2.png]
[tusharm01.wixsite.com/gadgetjunction/product-page/sheer-10-2-tablet-with-wi-fi-32gb-1.html]
[static.wixstatic.com/media/c22c23_9a6d29ecf9c640b28cc79f695e9fb3c2_mv2.png/v1/fill/w_1960,h_996,al_c,usm_0.66_1.00_0.01/c22c23_9a6d29ecf9c640b28cc79f695e9fb3c2_mv2.png]
[tusharm01.wixsite.com/gadgetjunction/product-page/jp-space-tablet-10-4-wi-fi-32gb.html]
[static.wixstatic.com/media/c22c23_23738414163d418092290f6b9becc5f5_mv2.png/v1/fill/w_1960,h_996,al_c,usm_0.66_1.00_0.01/c22c23_23738414163d418092290f6b9becc5f5_mv2.png]
[tusharm01.wixsite.com/gadgetjunction/product-page/pilates-go-10-5-touch-screen-64gb-with-cover-1.html]
[static.wixstatic.com/media/c22c23_5669a61229d34b15b7ff71c4f2269a4b_mv2.png/v1/fill/w_1960,h_996,al_c,usm_0.66_1.00_0.01/c22c23_5669a61229d34b15b7ff71c4f2269a4b_mv2.png]
[tusharm01.wixsite.com/gadgetjunction/product-page/ove-tablet-fd-plus-10-3-32gb.html]
[static.wixstatic.com/media/c22c23_91ee238e5ee447878278fd04f4d3fafe_mv2.png/v1/fill/w_1960,h_996,al_c,usm_0.66_1.00_0.01/c22c23_91ee238e5ee447878278fd04f4d3fafe_mv2.png]
[tusharm01.wixsite.com/gadgetjunction/product-page/sheer-pro-7-9-inch-mini-tablet.html]
[static.wixstatic.com/media/c22c23_a055ae2dfe6f457b9c2f6f3fa6d95126_mv2.png/v1/fill/w_1960,h_996,al_c,usm_0.66_1.00_0.01/c22c23_a055ae2dfe6f457b9c2f6f3fa6d95126_mv2.png]
[tusharm01.wixsite.com/gadgetjunction/product-page/ocean-pro-11-12-3-touch-screen.html]
[static.wixstatic.com/media/c22c23_597373dec7644ad2818277724199fb0c_mv2.png/v1/fill/w_1960,h_996,al_c,usm_0.66_1.00_0.01/c22c23_597373dec7644ad2818277724199fb0c_mv2.png]
[tusharm01.wixsite.com/gadgetjunction/product-page/corr-playtime-10-3-32gb-with-wi-fi-1.html]
[static.wixstatic.com/media/c22c23_01a8a61a9f6c4e3a97711b8c684050e9_mv2.png/v1/fill/w_1960,h_996,al_c,usm_0.66_1.00_0.01/c22c23_01a8a61a9f6c4e3a97711b8c684050e9_mv2.png]
[tusharm01.wixsite.com/gadgetjunction/product-page/pilates-14-touch-screen-laptop-12gb-memory.html]
[static.wixstatic.com/media/c22c23_dbf65eb585cf415ba135313576716352_mv2.png/v1/fill/w_1960,h_996,al_c,usm_0.66_1.00_0.01/c22c23_dbf65eb585cf415ba135313576716352_mv2.png]
[tusharm01.wixsite.com/gadgetjunction/product-page/turn5-portable-bluetooth-speaker-with-handle.html]
[static.wixstatic.com/media/c22c23_bb3cb6edf9ff4594817c7a2aaedd2a15_mv2.png/v1/fill/w_1718,h_873,al_c/c22c23_bb3cb6edf9ff4594817c7a2aaedd2a15_mv2.png]
[tusharm01.wixsite.com/gadgetjunction/product-page/tv-bluetooth-soundbar-with-hdmi-arc-connectivity-2.html]
[static.wixstatic.com/media/c22c23_09339ee46fd441b8bdaf76b3a7081135_mv2.png/v1/fill/w_1960,h_996,al_c,usm_0.66_1.00_0.01/c22c23_09339ee46fd441b8bdaf76b3a7081135_mv2.png]
[tusharm01.wixsite.com/gadgetjunction/product-page/pill-shape-silver-portable-bluetooth-speaker.html]
[static.wixstatic.com/media/c22c23_d4488c12f2bc40dfbd1bbd82956eb97a_mv2.png/v1/fill/w_1960,h_996,al_c,usm_0.66_1.00_0.01/c22c23_d4488c12f2bc40dfbd1bbd82956eb97a_mv2.png]
[static.wixstatic.com/media/84770f_8a3a63d0c61a4a658f076e04410665b3_mv2.jpg/v1/fill/w_1960,h_996,al_c,q_85,usm_0.66_1.00_0.01/84770f_8a3a63d0c61a4a658f076e04410665b3_mv2.jpg]
[static.wixstatic.com/media/84770f_e3b2f55b782445f0ac51db7c4a8e90de_mv2.jpg/v1/fill/w_1960,h_996,al_c,q_85,usm_0.66_1.00_0.01/84770f_e3b2f55b782445f0ac51db7c4a8e90de_mv2.jpg]
[static.wixstatic.com/media/c22c23_d4488c12f2bc40dfbd1bbd82956eb97a_mv2.png/v1/fill/w_45,h_45,al_c,usm_0.66_1.00_0.01/c22c23_d4488c12f2bc40dfbd1bbd82956eb97a_mv2.png]
[static.wixstatic.com/media/84770f_8a3a63d0c61a4a658f076e04410665b3_mv2.jpg/v1/fill/w_45,h_45,al_c,q_50,usm_0.66_1.00_0.01/84770f_8a3a63d0c61a4a658f076e04410665b3_mv2.jpg]
[static.wixstatic.com/media/84770f_e3b2f55b782445f0ac51db7c4a8e90de_mv2.jpg/v1/fill/w_45,h_45,al_c,q_50,usm_0.66_1.00_0.01/84770f_e3b2f55b782445f0ac51db7c4a8e90de_mv2.jpg]
[tusharm01.wixsite.com/gadgetjunction/product-page/round-mini-portable-bluetooth-speaker.html]
[static.wixstatic.com/media/c22c23_68fb3f3fcf134e91a00a956483ba56f8_mv2.png/v1/fill/w_1960,h_996,al_c,usm_0.66_1.00_0.01/c22c23_68fb3f3fcf134e91a00a956483ba56f8_mv2.png]
[tusharm01.wixsite.com/gadgetjunction/product-page/studio-8-portable-bluetooth-speaker.html]
[static.wixstatic.com/media/c22c23_65076c29d2de4910b9376408663514c2_mv2.png/v1/fill/w_1960,h_996,al_c,usm_0.66_1.00_0.01/c22c23_65076c29d2de4910b9376408663514c2_mv2.png]
[tusharm01.wixsite.com/gadgetjunction/product-page/balo-headphones-700-wireless-noise-cancelling.html]
[static.wixstatic.com/media/c22c23_68efa76790cf48a7acdb518977ce72a1_mv2.png/v1/fill/w_1960,h_996,al_c,usm_0.66_1.00_0.01/c22c23_68efa76790cf48a7acdb518977ce72a1_mv2.png]
[tusharm01.wixsite.com/gadgetjunction/product-page/space-buds-true-wireless-earbud-headphones.html]
[static.wixstatic.com/media/c22c23_31759778ff1248978471f8cc44c24f9d_mv2.png/v1/fill/w_1960,h_996,al_c,usm_0.66_1.00_0.01/c22c23_31759778ff1248978471f8cc44c24f9d_mv2.png]
[tusharm01.wixsite.com/gadgetjunction/product-page/drums-pro-wireless-on-ear-headphones.html]
[static.wixstatic.com/media/c22c23_77c2b89535374768bec1d6337dcdbddc_mv2.jpg/v1/fill/w_1960,h_996,al_c,q_85,usm_0.66_1.00_0.01/c22c23_77c2b89535374768bec1d6337dcdbddc_mv2.jpg]
[tusharm01.wixsite.com/gadgetjunction/product-page/shel-50-class-led-4k-uhd-smart-tv.html]
[static.wixstatic.com/media/c22c23_4567980aa0eb4bfba21b3706eaa8b2ca_mv2.jpg/v1/fill/w_1960,h_996,al_c,q_85,usm_0.66_1.00_0.01/c22c23_4567980aa0eb4bfba21b3706eaa8b2ca_mv2.jpg]
[tusharm01.wixsite.com/gadgetjunction/product-page/fitwatch-fitness-smart-watch.html]
[static.wixstatic.com/media/c22c23_a79ca5eba4af45bc99bf27f0d9eb637d_mv2.jpg/v1/fill/w_1960,h_996,al_c,q_85,usm_0.66_1.00_0.01/c22c23_a79ca5eba4af45bc99bf27f0d9eb637d_mv2.jpg]
[tusharm01.wixsite.com/gadgetjunction/product-page/hv-virtual-reality-system-for-pc.html]
[static.wixstatic.com/media/c22c23_d898eb06de73454788ddf633d055e85b_mv2.jpg/v1/fill/w_1960,h_996,al_c,q_85,usm_0.66_1.00_0.01/c22c23_d898eb06de73454788ddf633d055e85b_mv2.jpg]
[tusharm01.wixsite.com/gadgetjunction/product-page/pantony-6p-activity-tracker.html]
[static.wixstatic.com/media/c22c23_ee8bc28108d44d34b0ed1b312845667f_mv2.jpg/v1/fill/w_1960,h_996,al_c,q_85,usm_0.66_1.00_0.01/c22c23_ee8bc28108d44d34b0ed1b312845667f_mv2.jpg]
[tusharm01.wixsite.com/gadgetjunction/product-page/fitwatch-xdh-fitness-smart-watch-1.html]
[static.wixstatic.com/media/c22c23_f37a0a50f81146d7bbaf5edb5803cd9f_mv2.jpg/v1/fill/w_1960,h_996,al_c,q_85,usm_0.66_1.00_0.01/c22c23_f37a0a50f81146d7bbaf5edb5803cd9f_mv2.jpg]
[tusharm01.wixsite.com/gadgetjunction/product-page/pantony-x21-5g-128gb-with-z-pen-1.html]
[static.wixstatic.com/media/c22c23_229835b7ed254c8c95f2b90ef1404ded_mv2.jpg/v1/fill/w_1960,h_996,al_c,q_85,usm_0.66_1.00_0.01/c22c23_229835b7ed254c8c95f2b90ef1404ded_mv2.jpg]
[tusharm01.wixsite.com/gadgetjunction/product-page/jp-exmax-phantom-5g-16gb.html]
[static.wixstatic.com/media/c22c23_299fed1f1efd4b4fa580ac49d00628dd_mv2.jpg/v1/fill/w_1960,h_996,al_c,q_85,usm_0.66_1.00_0.01/c22c23_299fed1f1efd4b4fa580ac49d00628dd_mv2.jpg]
[tusharm01.wixsite.com/gadgetjunction/product-page/pantony-super-10w-5g-128gb.html]
[static.wixstatic.com/media/c22c23_7c88223cd6d647ca80670b82509dbf15_mv2.jpg/v1/fill/w_1960,h_996,al_c,q_85,usm_0.66_1.00_0.01/c22c23_7c88223cd6d647ca80670b82509dbf15_mv2.jpg]
[tusharm01.wixsite.com/gadgetjunction/product-page/jp-light-phantom-5g-16gb.html]
[static.wixstatic.com/media/c22c23_28f533b5fbdc45ed9a1b88c7e911bdd6_mv2.jpg/v1/fill/w_1960,h_996,al_c,q_85,usm_0.66_1.00_0.01/c22c23_28f533b5fbdc45ed9a1b88c7e911bdd6_mv2.jpg]
[static.wixstatic.com/media/c22c23_b40271f5957744378cbf9629bc013491_mv2.png/v1/fill/w_1960,h_996,al_c,usm_0.66_1.00_0.01/c22c23_b40271f5957744378cbf9629bc013491_mv2.png]
[static.wixstatic.com/media/c22c23_9a6791a8722e4f81868ddf181b6fab3b_mv2.jpg/v1/fill/w_1960,h_996,al_c,q_85,usm_0.66_1.00_0.01/c22c23_9a6791a8722e4f81868ddf181b6fab3b_mv2.jpg]
[static.wixstatic.com/media/c22c23_28f533b5fbdc45ed9a1b88c7e911bdd6_mv2.jpg/v1/fill/w_45,h_45,al_c,q_50,usm_0.66_1.00_0.01/c22c23_28f533b5fbdc45ed9a1b88c7e911bdd6_mv2.jpg]
[static.wixstatic.com/media/c22c23_b40271f5957744378cbf9629bc013491_mv2.png/v1/fill/w_45,h_45,al_c,usm_0.66_1.00_0.01/c22c23_b40271f5957744378cbf9629bc013491_mv2.png]
[static.wixstatic.com/media/c22c23_9a6791a8722e4f81868ddf181b6fab3b_mv2.jpg/v1/fill/w_45,h_45,al_c,q_50,usm_0.66_1.00_0.01/c22c23_9a6791a8722e4f81868ddf181b6fab3b_mv2.jpg]
[tusharm01.wixsite.com/gadgetjunction/product-page/max-pantony-s-5g-128gb.html]
[static.wixstatic.com/media/c22c23_3e48ef6f13594f4198e6dbfca755b68f_mv2.jpg/v1/fill/w_1960,h_996,al_c,q_85,usm_0.66_1.00_0.01/c22c23_3e48ef6f13594f4198e6dbfca755b68f_mv2.jpg]
[tusharm01.wixsite.com/gadgetjunction/product-page/corr-desktop-12gb-memory-wifi-bluetooth-keyboard-mouse-1.html]
[static.wixstatic.com/media/c22c23_88af147a4da742eb86528c8d8e5594fd_mv2.jpg/v1/fill/w_1960,h_996,al_c,q_85,usm_0.66_1.00_0.01/c22c23_88af147a4da742eb86528c8d8e5594fd_mv2.jpg]
[tusharm01.wixsite.com/gadgetjunction/product-page/corr-desktop-24gb-memory-29-screen-keyboard-mouse-1.html]
[static.wixstatic.com/media/c22c23_6137a9aabb314e18bd7cbbbcb37ef185_mv2.jpg/v1/fill/w_1960,h_996,al_c,q_85,usm_0.66_1.00_0.01/c22c23_6137a9aabb314e18bd7cbbbcb37ef185_mv2.jpg]
[tusharm01.wixsite.com/gadgetjunction/product-page/pilates-16-touch-screen-laptop-12gb-memory.html]
[static.wixstatic.com/media/c22c23_6dcb5abdf4904e1a9ca4a5d3234ead49_mv2.jpg/v1/fill/w_1960,h_996,al_c,q_85,usm_0.66_1.00_0.01/c22c23_6dcb5abdf4904e1a9ca4a5d3234ead49_mv2.jpg]
[tusharm01.wixsite.com/gadgetjunction/product-page/msp-14-laptop-16gb-memory-carbon-gray.html]
[static.wixstatic.com/media/c22c23_3a1cae1c619a4bfc8c1fcfb73e5ed4e6_mv2.jpg/v1/fill/w_1960,h_996,al_c,q_85,usm_0.66_1.00_0.01/c22c23_3a1cae1c619a4bfc8c1fcfb73e5ed4e6_mv2.jpg]
[tusharm01.wixsite.com/gadgetjunction/product-page/jp-29-led-wide-fhd-monitor-1.html]
[static.wixstatic.com/media/c22c23_5357f93228bc4548ba664ea0b8d91f27_mv2.jpg/v1/fill/w_1960,h_996,al_c,q_85,usm_0.66_1.00_0.01/c22c23_5357f93228bc4548ba664ea0b8d91f27_mv2.jpg]
[tusharm01.wixsite.com/gadgetjunction/product-page/space-tablet-s7-11-128gb-wi-fi.html]
[tusharm01.wixsite.com/gadgetjunction/drones-and-cameras]
[static.wixstatic.com/media/c22c23_59eb04b5184848f597f1802443c62ccc_mv2.jpg/v1/fill/w_1960,h_996,al_c,q_85,usm_0.66_1.00_0.01/c22c23_59eb04b5184848f597f1802443c62ccc_mv2.jpg]
[tusharm01.wixsite.com/gadgetjunction/product-page/certified-pantony-buds-wireless-earbud-headphones.html]
[static.wixstatic.com/media/c22c23_1752807cf4f14909a5928ba0cedb339e_mv2.jpg/v1/fill/w_1960,h_996,al_c,q_85,usm_0.66_1.00_0.01/c22c23_1752807cf4f14909a5928ba0cedb339e_mv2.jpg]
[tusharm01.wixsite.com/gadgetjunction/product-page/white-buds-wireless-earbud-headphones.html]
[static.wixstatic.com/media/c22c23_0d97e80aa2aa4072878ad49cbe04e926_mv2.jpg/v1/fill/w_1960,h_996,al_c,q_85,usm_0.66_1.00_0.01/c22c23_0d97e80aa2aa4072878ad49cbe04e926_mv2.jpg]
[tusharm01.wixsite.com/gadgetjunction/product-page/surround-sound-10-2-gaming-headset.html]
[static.wixstatic.com/media/c22c23_9ff1bd93e19f48b19670b5f6b19e874d_mv2.jpg/v1/fill/w_1960,h_996,al_c,q_85,usm_0.66_1.00_0.01/c22c23_9ff1bd93e19f48b19670b5f6b19e874d_mv2.jpg]
[tusharm01.wixsite.com/gadgetjunction/product-page/mx50-wired-earbud-headphones.html]
[static.wixstatic.com/media/c22c23_7b3b59adc71d48aea694647bfb4385b8_mv2.jpg/v1/fill/w_1960,h_996,al_c,q_85,usm_0.66_1.00_0.01/c22c23_7b3b59adc71d48aea694647bfb4385b8_mv2.jpg]
[tusharm01.wixsite.com/gadgetjunction/product-page/sdk-portable-bluetooth-speaker.html]
[static.wixstatic.com/media/c22c23_d07318f25e874d25b1151a36333e8fcb_mv2.jpg/v1/fill/w_1960,h_996,al_c,q_85,usm_0.66_1.00_0.01/c22c23_d07318f25e874d25b1151a36333e8fcb_mv2.jpg]
[tusharm01.wixsite.com/gadgetjunction/product-page/sxd-mini-portable-bluetooth-speaker.html]
[static.wixstatic.com/media/c22c23_7fcc8eee4f374e80abdf363d0142d2ea_mv2.jpg/v1/fill/w_1960,h_996,al_c,q_85,usm_0.66_1.00_0.01/c22c23_7fcc8eee4f374e80abdf363d0142d2ea_mv2.jpg]
[tusharm01.wixsite.com/gadgetjunction/product-page/go-xpd-protector-5g-16gb.html]
[static.wixstatic.com/media/c22c23_30fe87ca94c0479d9bc5e039301f90cf_mv2.jpg/v1/fill/w_1960,h_996,al_c,q_85,usm_0.66_1.00_0.01/c22c23_30fe87ca94c0479d9bc5e039301f90cf_mv2.jpg]
[tusharm01.wixsite.com/gadgetjunction/product-page/tv-bluetooth-soundbar-with-hdmi-arc-connectivity-1.html]
[static.wixstatic.com/media/c22c23_26dd5ed4d9c34428b4b7423e7fdddf21_mv2.jpg/v1/fill/w_1960,h_996,al_c,q_85,usm_0.66_1.00_0.01/c22c23_26dd5ed4d9c34428b4b7423e7fdddf21_mv2.jpg]
[tusharm01.wixsite.com/gadgetjunction/product-page/shel-40-class-led-full-hd-smart-tv.html]
[static.wixstatic.com/media/c22c23_7cafe7e6503648ebbaf422161045861d_mv2.jpg/v1/fill/w_1960,h_996,al_c,q_85,usm_0.66_1.00_0.01/c22c23_7cafe7e6503648ebbaf422161045861d_mv2.jpg]
[tusharm01.wixsite.com/gadgetjunction/product-page/wilsom-home-cinema-4k-pro-uhd-3lcd-projector.html]
[static.wixstatic.com/media/c22c23_6df363bec6fc43dd9d47ed2d34335417_mv2.jpg/v1/fill/w_1960,h_996,al_c,q_85,usm_0.66_1.00_0.01/c22c23_6df363bec6fc43dd9d47ed2d34335417_mv2.jpg]
[tusharm01.wixsite.com/gadgetjunction/product-page/allure-55-class-led-4k-uhd-smart-tv.html]
[static.wixstatic.com/media/c22c23_4fc66d5377a64a80a4c5a303bf338a5d_mv2.jpg/v1/fill/w_1960,h_996,al_c,q_85,usm_0.66_1.00_0.01/c22c23_4fc66d5377a64a80a4c5a303bf338a5d_mv2.jpg]
[tusharm01.wixsite.com/gadgetjunction/product-page/jp-470-wireless-mini-projector.html]
[static.wixstatic.com/media/c22c23_c447eca994e940c7ba7562fc67955083_mv2.jpg/v1/fill/w_1960,h_996,al_c,q_85,usm_0.66_1.00_0.01/c22c23_c447eca994e940c7ba7562fc67955083_mv2.jpg]
[tusharm01.wixsite.com/gadgetjunction/product-page/42-class-full-hd-smart-streamer-tv.html]
[static.wixstatic.com/media/c22c23_a78a3c8e4c63423ab6967f12ca17e447_mv2.jpg/v1/fill/w_1960,h_996,al_c,q_85,usm_0.66_1.00_0.01/c22c23_a78a3c8e4c63423ab6967f12ca17e447_mv2.jpg]
[tusharm01.wixsite.com/gadgetjunction/product-page/65-class-nano-led-4k-uhd-smart-tv.html]
[static.wixstatic.com/media/c22c23_3fd6a46235b34d158ce2ad1628900bb2_mv2.jpg/v1/fill/w_1960,h_996,al_c,q_85,usm_0.66_1.00_0.01/c22c23_3fd6a46235b34d158ce2ad1628900bb2_mv2.jpg]
[tusharm01.wixsite.com/gadgetjunction/product-page/pantony-dslr-old-school-camera-with-18-55mm-lens-1.html]
[static.wixstatic.com/media/c22c23_c25f748ee2264db6a3767d99717a2b84_mv2.jpg/v1/fill/w_1960,h_996,al_c,q_85,usm_0.66_1.00_0.01/c22c23_c25f748ee2264db6a3767d99717a2b84_mv2.jpg]
[tusharm01.wixsite.com/gadgetjunction/product-page/megapixel-waterproof-mini-digital-camera.html]
[tusharm01.wixsite.com/gadgetjunction/media/emptystate.85a4add5.11e.delayed]
[tusharm01.wixsite.com/gadgetjunction/home.html]
[tusharm01.wixsite.com/gadgetjunction/product-page/robots.html]
[tusharm01.wixsite.com/gadgetjunction/product-page/sitemap.html]
[tusharm01.wixsite.com/gadgetjunction/product-page/feed.html]
[tusharm01.wixsite.com/gadgetjunction/product-page/${n.html]
[tusharm01.wixsite.com/gadgetjunction/product-page/decodeURIComponent(e.html]
[tusharm01.wixsite.com/gadgetjunction/product-page/${n-2.html]
[static.wixstatic.com/media/c22c23_1bef44e4aad644d88da3458c1aa9c341_mv2.jpg/v1/fill/w_1960,h_996,al_c,q_85,usm_0.66_1.00_0.01/c22c23_1bef44e4aad644d88da3458c1aa9c341_mv2.jpg]
[tusharm01.wixsite.com/gadgetjunction/product-page/pantony-180-20-0-megapixel-digital-camera.html]
[static.wixstatic.com/media/c22c23_607618f163cf465da48e3393dbcd871e_mv2.jpg/v1/fill/w_1960,h_996,al_c,q_85,usm_0.66_1.00_0.01/c22c23_607618f163cf465da48e3393dbcd871e_mv2.jpg]
[tusharm01.wixsite.com/gadgetjunction/product-page/exe-mini-drone-with-sky-controller-1.html]
[static.wixstatic.com/media/c22c23_2d5a87c251274b8083356fd1e61cf68d_mv2.jpg/v1/fill/w_1960,h_996,al_c,q_85,usm_0.66_1.00_0.01/c22c23_2d5a87c251274b8083356fd1e61cf68d_mv2.jpg]
[tusharm01.wixsite.com/gadgetjunction/product-page/wave-mini-4-quadcopter-with-remote-controller-1.html]
[static.wixstatic.com/media/c22c23_717f42d8a3d648eab5245dd2025d29ac_mv2.jpg/v1/fill/w_1960,h_996,al_c,q_85,usm_0.66_1.00_0.01/c22c23_717f42d8a3d648eab5245dd2025d29ac_mv2.jpg]
[tusharm01.wixsite.com/gadgetjunction/product-page/shak-outdoor-spotlight-security-camera.html]
[tusharm01.wixsite.com/gadgetjunction/media/emptystate.85a4add5.html]
[tusharm01.wixsite.com/gadgetjunction/product-page/${n-2.html]
